Started GET "/" for 127.0.0.1 at 2020-09-15 17:01:01 -0300
  
ActiveRecord::PendingMigrationError (

Migrations are pending. To resolve this issue, run:

        bin/rails db:migrate RAILS_ENV=development

):
  
activerecord (5.2.0) lib/active_record/migration.rb:579:in `check_pending!'
activerecord (5.2.0) lib/active_record/migration.rb:556:in `call'
actionpack (5.2.0) lib/action_dispatch/middleware/callbacks.rb:28:in `block in call'
activesupport (5.2.0) lib/active_support/callbacks.rb:98:in `run_callbacks'
actionpack (5.2.0) lib/action_dispatch/middleware/callbacks.rb:26:in `call'
actionpack (5.2.0) lib/action_dispatch/middleware/executor.rb:14:in `call'
actionpack (5.2.0) lib/action_dispatch/middleware/debug_exceptions.rb:61:in `call'
web-console (3.6.2) lib/web_console/middleware.rb:135:in `call_app'
web-console (3.6.2) lib/web_console/middleware.rb:30:in `block in call'
web-console (3.6.2) lib/web_console/middleware.rb:20:in `catch'
web-console (3.6.2) lib/web_console/middleware.rb:20:in `call'
actionpack (5.2.0) lib/action_dispatch/middleware/show_exceptions.rb:33:in `call'
railties (5.2.0) lib/rails/rack/logger.rb:38:in `call_app'
railties (5.2.0) lib/rails/rack/logger.rb:26:in `block in call'
activesupport (5.2.0) lib/active_support/tagged_logging.rb:71:in `block in tagged'
activesupport (5.2.0) lib/active_support/tagged_logging.rb:28:in `tagged'
activesupport (5.2.0) lib/active_support/tagged_logging.rb:71:in `tagged'
railties (5.2.0) lib/rails/rack/logger.rb:26:in `call'
sprockets-rails (3.2.1) lib/sprockets/rails/quiet_assets.rb:13:in `call'
actionpack (5.2.0) lib/action_dispatch/middleware/remote_ip.rb:81:in `call'
actionpack (5.2.0) lib/action_dispatch/middleware/request_id.rb:27:in `call'
rack (2.0.5) lib/rack/method_override.rb:22:in `call'
rack (2.0.5) lib/rack/runtime.rb:22:in `call'
activesupport (5.2.0) lib/active_support/cache/strategy/local_cache_middleware.rb:29:in `call'
actionpack (5.2.0) lib/action_dispatch/middleware/executor.rb:14:in `call'
actionpack (5.2.0) lib/action_dispatch/middleware/static.rb:127:in `call'
rack (2.0.5) lib/rack/sendfile.rb:111:in `call'
webpacker (3.5.5) lib/webpacker/dev_server_proxy.rb:22:in `perform_request'
rack-proxy (0.6.5) lib/rack/proxy.rb:57:in `call'
railties (5.2.0) lib/rails/engine.rb:524:in `call'
puma (3.12.0) lib/puma/configuration.rb:225:in `call'
puma (3.12.0) lib/puma/server.rb:658:in `handle_request'
puma (3.12.0) lib/puma/server.rb:472:in `process_client'
puma (3.12.0) lib/puma/server.rb:332:in `block in run'
puma (3.12.0) lib/puma/thread_pool.rb:133:in `block in spawn_thread'
Started GET "/" for 127.0.0.1 at 2020-09-15 17:08:17 -0300
  
ActiveRecord::PendingMigrationError (

Migrations are pending. To resolve this issue, run:

        bin/rails db:migrate RAILS_ENV=development

):
  
activerecord (5.2.0) lib/active_record/migration.rb:579:in `check_pending!'
activerecord (5.2.0) lib/active_record/migration.rb:556:in `call'
actionpack (5.2.0) lib/action_dispatch/middleware/callbacks.rb:28:in `block in call'
activesupport (5.2.0) lib/active_support/callbacks.rb:98:in `run_callbacks'
actionpack (5.2.0) lib/action_dispatch/middleware/callbacks.rb:26:in `call'
actionpack (5.2.0) lib/action_dispatch/middleware/executor.rb:14:in `call'
actionpack (5.2.0) lib/action_dispatch/middleware/debug_exceptions.rb:61:in `call'
web-console (3.6.2) lib/web_console/middleware.rb:135:in `call_app'
web-console (3.6.2) lib/web_console/middleware.rb:30:in `block in call'
web-console (3.6.2) lib/web_console/middleware.rb:20:in `catch'
web-console (3.6.2) lib/web_console/middleware.rb:20:in `call'
actionpack (5.2.0) lib/action_dispatch/middleware/show_exceptions.rb:33:in `call'
railties (5.2.0) lib/rails/rack/logger.rb:38:in `call_app'
railties (5.2.0) lib/rails/rack/logger.rb:26:in `block in call'
activesupport (5.2.0) lib/active_support/tagged_logging.rb:71:in `block in tagged'
activesupport (5.2.0) lib/active_support/tagged_logging.rb:28:in `tagged'
activesupport (5.2.0) lib/active_support/tagged_logging.rb:71:in `tagged'
railties (5.2.0) lib/rails/rack/logger.rb:26:in `call'
sprockets-rails (3.2.1) lib/sprockets/rails/quiet_assets.rb:13:in `call'
actionpack (5.2.0) lib/action_dispatch/middleware/remote_ip.rb:81:in `call'
actionpack (5.2.0) lib/action_dispatch/middleware/request_id.rb:27:in `call'
rack (2.0.5) lib/rack/method_override.rb:22:in `call'
rack (2.0.5) lib/rack/runtime.rb:22:in `call'
activesupport (5.2.0) lib/active_support/cache/strategy/local_cache_middleware.rb:29:in `call'
actionpack (5.2.0) lib/action_dispatch/middleware/executor.rb:14:in `call'
actionpack (5.2.0) lib/action_dispatch/middleware/static.rb:127:in `call'
rack (2.0.5) lib/rack/sendfile.rb:111:in `call'
webpacker (3.5.5) lib/webpacker/dev_server_proxy.rb:22:in `perform_request'
rack-proxy (0.6.5) lib/rack/proxy.rb:57:in `call'
railties (5.2.0) lib/rails/engine.rb:524:in `call'
puma (3.12.0) lib/puma/configuration.rb:225:in `call'
puma (3.12.0) lib/puma/server.rb:658:in `handle_request'
puma (3.12.0) lib/puma/server.rb:472:in `process_client'
puma (3.12.0) lib/puma/server.rb:332:in `block in run'
puma (3.12.0) lib/puma/thread_pool.rb:133:in `block in spawn_thread'
  [1m[35m (0.1ms)[0m  [1m[34mSELECT sqlite_version(*)[0m
  ↳ bin/rails:9
  [1m[35m (135.4ms)[0m  [1m[35mCREATE TABLE "schema_migrations" ("version" varchar NOT NULL PRIMARY KEY)[0m
  ↳ bin/rails:9
  [1m[35m (136.9ms)[0m  [1m[35mCREATE TABLE "ar_internal_metadata" ("key" varchar NOT NULL PRIMARY KEY, "value" varchar, "created_at" datetime NOT NULL, "updated_at" datetime NOT NULL)[0m
  ↳ bin/rails:9
  [1m[35m (0.3ms)[0m  [1m[34mSELECT "schema_migrations"."version" FROM "schema_migrations" ORDER BY "schema_migrations"."version" ASC[0m
  ↳ bin/rails:9
Migrating to CreateCoins (20180715174524)
  [1m[35m (0.2ms)[0m  [1m[36mbegin transaction[0m
  ↳ bin/rails:9
  [1m[35m (0.8ms)[0m  [1m[35mCREATE TABLE "coins" ("id" integer PRIMARY KEY AUTOINCREMENT NOT NULL, "description" varchar, "acronym" varchar, "url_image" varchar, "created_at" datetime NOT NULL, "updated_at" datetime NOT NULL)[0m
  ↳ db/migrate/20180715174524_create_coins.rb:3
  [1m[36mActiveRecord::SchemaMigration Create (0.3ms)[0m  [1m[32mINSERT INTO "schema_migrations" ("version") VALUES (?)[0m  [["version", "20180715174524"]]
  ↳ bin/rails:9
  [1m[35m (113.6ms)[0m  [1m[36mcommit transaction[0m
  ↳ bin/rails:9
Migrating to CreateMiningTypes (20180822224158)
  [1m[35m (0.2ms)[0m  [1m[36mbegin transaction[0m
  ↳ bin/rails:9
  [1m[35m (0.8ms)[0m  [1m[35mCREATE TABLE "mining_types" ("id" integer PRIMARY KEY AUTOINCREMENT NOT NULL, "description" varchar, "acronym" varchar, "created_at" datetime NOT NULL, "updated_at" datetime NOT NULL)[0m
  ↳ db/migrate/20180822224158_create_mining_types.rb:3
  [1m[36mActiveRecord::SchemaMigration Create (0.5ms)[0m  [1m[32mINSERT INTO "schema_migrations" ("version") VALUES (?)[0m  [["version", "20180822224158"]]
  ↳ bin/rails:9
  [1m[35m (123.8ms)[0m  [1m[36mcommit transaction[0m
  ↳ bin/rails:9
Migrating to AddMiningTypeToCoins (20180824230643)
  [1m[35m (0.2ms)[0m  [1m[36mbegin transaction[0m
  ↳ bin/rails:9
  [1m[35m (0.8ms)[0m  [1m[35mALTER TABLE "coins" ADD "mining_type_id" integer[0m
  ↳ db/migrate/20180824230643_add_mining_type_to_coins.rb:3
  [1m[35m (0.3ms)[0m  [1m[35mCREATE  INDEX "index_coins_on_mining_type_id" ON "coins" ("mining_type_id")[0m
  ↳ db/migrate/20180824230643_add_mining_type_to_coins.rb:3
  [1m[36mActiveRecord::SchemaMigration Create (0.2ms)[0m  [1m[32mINSERT INTO "schema_migrations" ("version") VALUES (?)[0m  [["version", "20180824230643"]]
  ↳ bin/rails:9
  [1m[35m (136.0ms)[0m  [1m[36mcommit transaction[0m
  ↳ bin/rails:9
  [1m[36mActiveRecord::InternalMetadata Load (0.5ms)[0m  [1m[34mSELECT  "ar_internal_metadata".* FROM "ar_internal_metadata" WHERE "ar_internal_metadata"."key" = ? LIMIT ?[0m  [["key", "environment"], ["LIMIT", 1]]
  ↳ bin/rails:9
  [1m[35m (0.1ms)[0m  [1m[36mbegin transaction[0m
  ↳ bin/rails:9
  [1m[36mActiveRecord::InternalMetadata Create (0.5ms)[0m  [1m[32mINSERT INTO "ar_internal_metadata" ("key", "value", "created_at", "updated_at") VALUES (?, ?, ?, ?)[0m  [["key", "environment"], ["value", "development"], ["created_at", "2020-09-15 20:09:18.008048"], ["updated_at", "2020-09-15 20:09:18.008048"]]
  ↳ bin/rails:9
  [1m[35m (100.6ms)[0m  [1m[36mcommit transaction[0m
  ↳ bin/rails:9
  [1m[35m (0.2ms)[0m  [1m[34mSELECT "schema_migrations"."version" FROM "schema_migrations" ORDER BY "schema_migrations"."version" ASC[0m
  ↳ bin/rails:9
  [1m[36mMiningType Load (0.4ms)[0m  [1m[34mSELECT  "mining_types".* FROM "mining_types" WHERE "mining_types"."description" = ? AND "mining_types"."acronym" = ? LIMIT ?[0m  [["description", "Proof of Work"], ["acronym", "PoW"], ["LIMIT", 1]]
  ↳ lib/tasks/dev.rake:67
  [1m[35m (0.1ms)[0m  [1m[36mbegin transaction[0m
  ↳ lib/tasks/dev.rake:67
  [1m[36mMiningType Create (1.6ms)[0m  [1m[32mINSERT INTO "mining_types" ("description", "acronym", "created_at", "updated_at") VALUES (?, ?, ?, ?)[0m  [["description", "Proof of Work"], ["acronym", "PoW"], ["created_at", "2020-09-15 20:09:21.365343"], ["updated_at", "2020-09-15 20:09:21.365343"]]
  ↳ lib/tasks/dev.rake:67
  [1m[35m (109.7ms)[0m  [1m[36mcommit transaction[0m
  ↳ lib/tasks/dev.rake:67
  [1m[36mMiningType Load (0.2ms)[0m  [1m[34mSELECT  "mining_types".* FROM "mining_types" WHERE "mining_types"."description" = ? AND "mining_types"."acronym" = ? LIMIT ?[0m  [["description", "Proof of Stake"], ["acronym", "PoS"], ["LIMIT", 1]]
  ↳ lib/tasks/dev.rake:67
  [1m[35m (0.1ms)[0m  [1m[36mbegin transaction[0m
  ↳ lib/tasks/dev.rake:67
  [1m[36mMiningType Create (0.4ms)[0m  [1m[32mINSERT INTO "mining_types" ("description", "acronym", "created_at", "updated_at") VALUES (?, ?, ?, ?)[0m  [["description", "Proof of Stake"], ["acronym", "PoS"], ["created_at", "2020-09-15 20:09:21.483258"], ["updated_at", "2020-09-15 20:09:21.483258"]]
  ↳ lib/tasks/dev.rake:67
  [1m[35m (74.6ms)[0m  [1m[36mcommit transaction[0m
  ↳ lib/tasks/dev.rake:67
  [1m[36mMiningType Load (0.2ms)[0m  [1m[34mSELECT  "mining_types".* FROM "mining_types" WHERE "mining_types"."description" = ? AND "mining_types"."acronym" = ? LIMIT ?[0m  [["description", "Proof of Capacity"], ["acronym", "PoC"], ["LIMIT", 1]]
  ↳ lib/tasks/dev.rake:67
  [1m[35m (0.2ms)[0m  [1m[36mbegin transaction[0m
  ↳ lib/tasks/dev.rake:67
  [1m[36mMiningType Create (0.4ms)[0m  [1m[32mINSERT INTO "mining_types" ("description", "acronym", "created_at", "updated_at") VALUES (?, ?, ?, ?)[0m  [["description", "Proof of Capacity"], ["acronym", "PoC"], ["created_at", "2020-09-15 20:09:21.565331"], ["updated_at", "2020-09-15 20:09:21.565331"]]
  ↳ lib/tasks/dev.rake:67
  [1m[35m (101.6ms)[0m  [1m[36mcommit transaction[0m
  ↳ lib/tasks/dev.rake:67
  [1m[36mMiningType Load (0.4ms)[0m  [1m[34mSELECT  "mining_types".* FROM "mining_types" WHERE "mining_types"."acronym" = ? LIMIT ?[0m  [["acronym", "PoW"], ["LIMIT", 1]]
  ↳ lib/tasks/dev.rake:23
  [1m[36mMiningType Load (0.3ms)[0m  [1m[34mSELECT "mining_types".* FROM "mining_types"[0m
  ↳ lib/tasks/dev.rake:29
  [1m[36mMiningType Load (0.2ms)[0m  [1m[34mSELECT "mining_types".* FROM "mining_types"[0m
  ↳ lib/tasks/dev.rake:35
  [1m[36mMiningType Load (0.1ms)[0m  [1m[34mSELECT "mining_types".* FROM "mining_types"[0m
  ↳ lib/tasks/dev.rake:41
  [1m[36mMiningType Load (0.2ms)[0m  [1m[34mSELECT "mining_types".* FROM "mining_types"[0m
  ↳ lib/tasks/dev.rake:47
  [1m[36mCoin Load (0.2ms)[0m  [1m[34mSELECT  "coins".* FROM "coins" WHERE "coins"."description" = ? AND "coins"."acronym" = ? AND "coins"."url_image" = ? AND "coins"."mining_type_id" = ? LIMIT ?[0m  [["description", "Bitcoin"], ["acronym", "BTC"], ["url_image", "https://guiadobitcoin.com.br/wp-content/uploads/2020/06/bitcoin-png-min.png"], ["mining_type_id", 1], ["LIMIT", 1]]
  ↳ lib/tasks/dev.rake:52
  [1m[35m (0.2ms)[0m  [1m[36mbegin transaction[0m
  ↳ lib/tasks/dev.rake:52
  [1m[36mCoin Create (0.6ms)[0m  [1m[32mINSERT INTO "coins" ("description", "acronym", "url_image", "created_at", "updated_at", "mining_type_id") VALUES (?, ?, ?, ?, ?, ?)[0m  [["description", "Bitcoin"], ["acronym", "BTC"], ["url_image", "https://guiadobitcoin.com.br/wp-content/uploads/2020/06/bitcoin-png-min.png"], ["created_at", "2020-09-15 20:09:24.932039"], ["updated_at", "2020-09-15 20:09:24.932039"], ["mining_type_id", 1]]
  ↳ lib/tasks/dev.rake:52
  [1m[35m (120.7ms)[0m  [1m[36mcommit transaction[0m
  ↳ lib/tasks/dev.rake:52
  [1m[36mCoin Load (0.3ms)[0m  [1m[34mSELECT  "coins".* FROM "coins" WHERE "coins"."description" = ? AND "coins"."acronym" = ? AND "coins"."url_image" = ? AND "coins"."mining_type_id" = ? LIMIT ?[0m  [["description", "Ethereum"], ["acronym", "ETH"], ["url_image", "https://upload.wikimedia.org/wikipedia/commons/thumb/b/b7/ETHEREUM-YOUTUBE-PROFILE-PIC.png/480px-ETHEREUM-YOUTUBE-PROFILE-PIC.png"], ["mining_type_id", 1], ["LIMIT", 1]]
  ↳ lib/tasks/dev.rake:52
  [1m[35m (0.1ms)[0m  [1m[36mbegin transaction[0m
  ↳ lib/tasks/dev.rake:52
  [1m[36mCoin Create (0.6ms)[0m  [1m[32mINSERT INTO "coins" ("description", "acronym", "url_image", "created_at", "updated_at", "mining_type_id") VALUES (?, ?, ?, ?, ?, ?)[0m  [["description", "Ethereum"], ["acronym", "ETH"], ["url_image", "https://upload.wikimedia.org/wikipedia/commons/thumb/b/b7/ETHEREUM-YOUTUBE-PROFILE-PIC.png/480px-ETHEREUM-YOUTUBE-PROFILE-PIC.png"], ["created_at", "2020-09-15 20:09:25.062389"], ["updated_at", "2020-09-15 20:09:25.062389"], ["mining_type_id", 1]]
  ↳ lib/tasks/dev.rake:52
  [1m[35m (113.8ms)[0m  [1m[36mcommit transaction[0m
  ↳ lib/tasks/dev.rake:52
  [1m[36mCoin Load (0.2ms)[0m  [1m[34mSELECT  "coins".* FROM "coins" WHERE "coins"."description" = ? AND "coins"."acronym" = ? AND "coins"."url_image" = ? AND "coins"."mining_type_id" = ? LIMIT ?[0m  [["description", "Dash"], ["acronym", "DASH"], ["url_image", "https://media.dash.org/wp-content/uploads/dash-D-blue.png"], ["mining_type_id", 1], ["LIMIT", 1]]
  ↳ lib/tasks/dev.rake:52
  [1m[35m (0.1ms)[0m  [1m[36mbegin transaction[0m
  ↳ lib/tasks/dev.rake:52
  [1m[36mCoin Create (0.7ms)[0m  [1m[32mINSERT INTO "coins" ("description", "acronym", "url_image", "created_at", "updated_at", "mining_type_id") VALUES (?, ?, ?, ?, ?, ?)[0m  [["description", "Dash"], ["acronym", "DASH"], ["url_image", "https://media.dash.org/wp-content/uploads/dash-D-blue.png"], ["created_at", "2020-09-15 20:09:25.183434"], ["updated_at", "2020-09-15 20:09:25.183434"], ["mining_type_id", 1]]
  ↳ lib/tasks/dev.rake:52
  [1m[35m (113.3ms)[0m  [1m[36mcommit transaction[0m
  ↳ lib/tasks/dev.rake:52
  [1m[36mCoin Load (0.3ms)[0m  [1m[34mSELECT  "coins".* FROM "coins" WHERE "coins"."description" = ? AND "coins"."acronym" = ? AND "coins"."url_image" = ? AND "coins"."mining_type_id" = ? LIMIT ?[0m  [["description", "Iota"], ["acronym", "IOT"], ["url_image", "https://img.icons8.com/ios-filled/452/iota.png"], ["mining_type_id", 2], ["LIMIT", 1]]
  ↳ lib/tasks/dev.rake:52
  [1m[35m (0.1ms)[0m  [1m[36mbegin transaction[0m
  ↳ lib/tasks/dev.rake:52
  [1m[36mCoin Create (0.6ms)[0m  [1m[32mINSERT INTO "coins" ("description", "acronym", "url_image", "created_at", "updated_at", "mining_type_id") VALUES (?, ?, ?, ?, ?, ?)[0m  [["description", "Iota"], ["acronym", "IOT"], ["url_image", "https://img.icons8.com/ios-filled/452/iota.png"], ["created_at", "2020-09-15 20:09:25.304689"], ["updated_at", "2020-09-15 20:09:25.304689"], ["mining_type_id", 2]]
  ↳ lib/tasks/dev.rake:52
  [1m[35m (115.1ms)[0m  [1m[36mcommit transaction[0m
  ↳ lib/tasks/dev.rake:52
  [1m[36mCoin Load (0.3ms)[0m  [1m[34mSELECT  "coins".* FROM "coins" WHERE "coins"."description" = ? AND "coins"."acronym" = ? AND "coins"."url_image" = ? AND "coins"."mining_type_id" = ? LIMIT ?[0m  [["description", "ZCash"], ["acronym", "ZEC"], ["url_image", "https://www.coinopsy.com/media/img/quality_logo/Zcash.png"], ["mining_type_id", 3], ["LIMIT", 1]]
  ↳ lib/tasks/dev.rake:52
  [1m[35m (0.1ms)[0m  [1m[36mbegin transaction[0m
  ↳ lib/tasks/dev.rake:52
  [1m[36mCoin Create (0.6ms)[0m  [1m[32mINSERT INTO "coins" ("description", "acronym", "url_image", "created_at", "updated_at", "mining_type_id") VALUES (?, ?, ?, ?, ?, ?)[0m  [["description", "ZCash"], ["acronym", "ZEC"], ["url_image", "https://www.coinopsy.com/media/img/quality_logo/Zcash.png"], ["created_at", "2020-09-15 20:09:25.427481"], ["updated_at", "2020-09-15 20:09:25.427481"], ["mining_type_id", 3]]
  ↳ lib/tasks/dev.rake:52
  [1m[35m (80.9ms)[0m  [1m[36mcommit transaction[0m
  ↳ lib/tasks/dev.rake:52
Started GET "/" for 127.0.0.1 at 2020-09-15 17:11:11 -0300
  [1m[35m (0.4ms)[0m  [1m[34mSELECT "schema_migrations"."version" FROM "schema_migrations" ORDER BY "schema_migrations"."version" ASC[0m
  ↳ /home/danilovolpiano/.rvm/gems/ruby-2.4.9/gems/activerecord-5.2.0/lib/active_record/log_subscriber.rb:98
Processing by WelcomeController#index as HTML
  Rendering welcome/index.html.erb within layouts/application
  Rendered welcome/_menu.html.erb (9.4ms)
  Rendered welcome/index.html.erb within layouts/application (928.6ms)
Completed 200 OK in 5203ms (Views: 5191.5ms | ActiveRecord: 0.0ms)


Started GET "/coins" for 127.0.0.1 at 2020-09-15 17:11:24 -0300
Processing by CoinsController#index as HTML
  Rendering coins/index.html.erb within layouts/application
  [1m[35m (0.3ms)[0m  [1m[34mSELECT COUNT(*) FROM "coins"[0m
  ↳ app/views/coins/index.html.erb:3
  [1m[36mCoin Load (0.5ms)[0m  [1m[34mSELECT "coins".* FROM "coins"[0m
  ↳ app/views/coins/index.html.erb:15
  Rendered coins/index.html.erb within layouts/application (35.9ms)
Completed 200 OK in 145ms (Views: 133.0ms | ActiveRecord: 2.6ms)


Started GET "/coins" for 127.0.0.1 at 2020-09-15 17:11:24 -0300
Processing by CoinsController#index as HTML
  Rendering coins/index.html.erb within layouts/application
  [1m[35m (0.4ms)[0m  [1m[34mSELECT COUNT(*) FROM "coins"[0m
  ↳ app/views/coins/index.html.erb:3
  [1m[36mCoin Load (0.5ms)[0m  [1m[34mSELECT "coins".* FROM "coins"[0m
  ↳ app/views/coins/index.html.erb:15
  Rendered coins/index.html.erb within layouts/application (27.1ms)
Completed 200 OK in 168ms (Views: 164.6ms | ActiveRecord: 0.9ms)


Started GET "/coins" for 127.0.0.1 at 2020-09-15 17:16:48 -0300
Processing by CoinsController#index as HTML
  Rendering coins/index.html.erb within layouts/application
  [1m[35m (0.3ms)[0m  [1m[34mSELECT COUNT(*) FROM "coins"[0m
  ↳ app/views/coins/index.html.erb:3
  [1m[36mCoin Load (0.3ms)[0m  [1m[34mSELECT "coins".* FROM "coins"[0m
  ↳ app/views/coins/index.html.erb:15
  Rendered coins/index.html.erb within layouts/application (10.2ms)
Completed 200 OK in 73ms (Views: 70.7ms | ActiveRecord: 0.6ms)


Started GET "/coins" for 127.0.0.1 at 2020-09-15 17:19:21 -0300
Processing by CoinsController#index as HTML
  Rendering coins/index.html.erb within layouts/application
  [1m[35m (0.3ms)[0m  [1m[34mSELECT COUNT(*) FROM "coins"[0m
  ↳ app/views/coins/index.html.erb:3
  [1m[36mCoin Load (0.7ms)[0m  [1m[34mSELECT "coins".* FROM "coins"[0m
  ↳ app/views/coins/index.html.erb:15
  Rendered coins/index.html.erb within layouts/application (9.7ms)
Completed 200 OK in 84ms (Views: 80.5ms | ActiveRecord: 1.0ms)


Started GET "/coins" for 127.0.0.1 at 2020-09-15 17:19:34 -0300
Processing by CoinsController#index as HTML
  Rendering coins/index.html.erb within layouts/application
  [1m[35m (0.4ms)[0m  [1m[34mSELECT COUNT(*) FROM "coins"[0m
  ↳ app/views/coins/index.html.erb:3
  [1m[36mCoin Load (0.5ms)[0m  [1m[34mSELECT "coins".* FROM "coins"[0m
  ↳ app/views/coins/index.html.erb:15
  Rendered coins/index.html.erb within layouts/application (16.6ms)
Completed 200 OK in 94ms (Views: 90.9ms | ActiveRecord: 0.9ms)


Started GET "/coins" for 127.0.0.1 at 2020-09-15 17:19:47 -0300
Processing by CoinsController#index as HTML
  Rendering coins/index.html.erb within layouts/application
  [1m[35m (0.5ms)[0m  [1m[34mSELECT COUNT(*) FROM "coins"[0m
  ↳ app/views/coins/index.html.erb:3
  [1m[36mCoin Load (0.6ms)[0m  [1m[34mSELECT "coins".* FROM "coins"[0m
  ↳ app/views/coins/index.html.erb:15
  Rendered coins/index.html.erb within layouts/application (14.7ms)
Completed 200 OK in 82ms (Views: 78.1ms | ActiveRecord: 1.0ms)


Started GET "/" for 127.0.0.1 at 2020-09-15 17:20:10 -0300
Processing by WelcomeController#index as HTML
  Rendering welcome/index.html.erb within layouts/application
  Rendered welcome/_menu.html.erb (1.5ms)
  Rendered welcome/index.html.erb within layouts/application (4.0ms)
Completed 200 OK in 92ms (Views: 89.5ms | ActiveRecord: 0.0ms)


Started GET "/" for 127.0.0.1 at 2020-09-15 17:20:10 -0300
Processing by WelcomeController#index as HTML
  Rendering welcome/index.html.erb within layouts/application
  Rendered welcome/_menu.html.erb (1.7ms)
  Rendered welcome/index.html.erb within layouts/application (8.0ms)
Completed 200 OK in 83ms (Views: 79.8ms | ActiveRecord: 0.0ms)


Started GET "/?locale=en" for 127.0.0.1 at 2020-09-15 17:20:15 -0300
Processing by WelcomeController#index as HTML
  Parameters: {"locale"=>"en"}
  Rendering welcome/index.html.erb within layouts/application
  Rendered welcome/_menu.html.erb (1.9ms)
  Rendered welcome/index.html.erb within layouts/application (4.9ms)
Completed 200 OK in 82ms (Views: 79.6ms | ActiveRecord: 0.0ms)


Started GET "/?locale=pt-BR" for 127.0.0.1 at 2020-09-15 17:20:16 -0300
Processing by WelcomeController#index as HTML
  Parameters: {"locale"=>"pt-BR"}
  Rendering welcome/index.html.erb within layouts/application
  Rendered welcome/_menu.html.erb (1.7ms)
  Rendered welcome/index.html.erb within layouts/application (4.1ms)
Completed 200 OK in 90ms (Views: 87.7ms | ActiveRecord: 0.0ms)


Started GET "/" for 127.0.0.1 at 2020-09-15 17:20:18 -0300
Processing by WelcomeController#index as HTML
  Rendering welcome/index.html.erb within layouts/application
  Rendered welcome/_menu.html.erb (4.3ms)
  Rendered welcome/index.html.erb within layouts/application (7.7ms)
Completed 200 OK in 124ms (Views: 121.0ms | ActiveRecord: 0.0ms)


Started GET "/?locale=pt-BR" for 127.0.0.1 at 2020-09-15 17:20:19 -0300
Processing by WelcomeController#index as HTML
  Parameters: {"locale"=>"pt-BR"}
  Rendering welcome/index.html.erb within layouts/application
  Rendered welcome/_menu.html.erb (4.0ms)
  Rendered welcome/index.html.erb within layouts/application (9.8ms)
Completed 200 OK in 134ms (Views: 130.9ms | ActiveRecord: 0.0ms)


Started GET "/?locale=en" for 127.0.0.1 at 2020-09-15 17:20:20 -0300
Processing by WelcomeController#index as HTML
  Parameters: {"locale"=>"en"}
  Rendering welcome/index.html.erb within layouts/application
  Rendered welcome/_menu.html.erb (4.9ms)
  Rendered welcome/index.html.erb within layouts/application (8.9ms)
Completed 200 OK in 111ms (Views: 107.1ms | ActiveRecord: 0.0ms)


Started GET "/" for 127.0.0.1 at 2020-09-15 17:20:22 -0300
Processing by WelcomeController#index as HTML
  Rendering welcome/index.html.erb within layouts/application
  Rendered welcome/_menu.html.erb (2.2ms)
  Rendered welcome/index.html.erb within layouts/application (5.5ms)
Completed 200 OK in 98ms (Views: 94.9ms | ActiveRecord: 0.0ms)


Started GET "/?locale=pt-BR" for 127.0.0.1 at 2020-09-15 17:20:24 -0300
Processing by WelcomeController#index as HTML
  Parameters: {"locale"=>"pt-BR"}
  Rendering welcome/index.html.erb within layouts/application
  Rendered welcome/_menu.html.erb (4.8ms)
  Rendered welcome/index.html.erb within layouts/application (12.9ms)
Completed 200 OK in 103ms (Views: 99.7ms | ActiveRecord: 0.0ms)


Started GET "/coins" for 127.0.0.1 at 2020-09-15 17:20:27 -0300
Processing by CoinsController#index as HTML
  Rendering coins/index.html.erb within layouts/application
  [1m[35m (0.3ms)[0m  [1m[34mSELECT COUNT(*) FROM "coins"[0m
  ↳ app/views/coins/index.html.erb:3
  [1m[36mCoin Load (0.5ms)[0m  [1m[34mSELECT "coins".* FROM "coins"[0m
  ↳ app/views/coins/index.html.erb:15
  Rendered coins/index.html.erb within layouts/application (19.0ms)
Completed 200 OK in 100ms (Views: 96.5ms | ActiveRecord: 0.8ms)


Started GET "/coins" for 127.0.0.1 at 2020-09-15 17:20:27 -0300
Processing by CoinsController#index as HTML
  Rendering coins/index.html.erb within layouts/application
  [1m[35m (0.3ms)[0m  [1m[34mSELECT COUNT(*) FROM "coins"[0m
  ↳ app/views/coins/index.html.erb:3
  [1m[36mCoin Load (0.6ms)[0m  [1m[34mSELECT "coins".* FROM "coins"[0m
  ↳ app/views/coins/index.html.erb:15
  Rendered coins/index.html.erb within layouts/application (16.4ms)
Completed 200 OK in 81ms (Views: 76.5ms | ActiveRecord: 0.9ms)


Started GET "/coins/new" for 127.0.0.1 at 2020-09-15 17:20:37 -0300
Processing by CoinsController#new as HTML
  [1m[35m (0.5ms)[0m  [1m[34mSELECT "mining_types"."description", "mining_types"."id" FROM "mining_types"[0m
  ↳ app/controllers/coins_controller.rb:69
  Rendering coins/new.html.erb within layouts/application
  Rendered coins/_form.html.erb (80.4ms)
  Rendered coins/new.html.erb within layouts/application (100.7ms)
Completed 200 OK in 196ms (Views: 154.6ms | ActiveRecord: 1.1ms)


Started GET "/coins" for 127.0.0.1 at 2020-09-15 17:20:40 -0300
Processing by CoinsController#index as HTML
  Rendering coins/index.html.erb within layouts/application
  [1m[35m (0.4ms)[0m  [1m[34mSELECT COUNT(*) FROM "coins"[0m
  ↳ app/views/coins/index.html.erb:3
  [1m[36mCoin Load (0.6ms)[0m  [1m[34mSELECT "coins".* FROM "coins"[0m
  ↳ app/views/coins/index.html.erb:15
  Rendered coins/index.html.erb within layouts/application (22.9ms)
Completed 200 OK in 121ms (Views: 103.5ms | ActiveRecord: 1.0ms)


Started GET "/coins/1" for 127.0.0.1 at 2020-09-15 17:20:44 -0300
Processing by CoinsController#show as HTML
  Parameters: {"id"=>"1"}
  [1m[36mCoin Load (0.7ms)[0m  [1m[34mSELECT  "coins".* FROM "coins" WHERE "coins"."id" = ? LIMIT ?[0m  [["id", 1], ["LIMIT", 1]]
  ↳ app/controllers/coins_controller.rb:74
  Rendering coins/show.html.erb within layouts/application
  [1m[36mMiningType Load (0.4ms)[0m  [1m[34mSELECT  "mining_types".* FROM "mining_types" WHERE "mining_types"."id" = ? LIMIT ?[0m  [["id", 1], ["LIMIT", 1]]
  ↳ app/views/coins/show.html.erb:22
  Rendered coins/show.html.erb within layouts/application (64.9ms)
Completed 200 OK in 151ms (Views: 142.7ms | ActiveRecord: 1.8ms)


Started GET "/coins" for 127.0.0.1 at 2020-09-15 17:20:56 -0300
Processing by CoinsController#index as HTML
  Rendering coins/index.html.erb within layouts/application
  [1m[35m (0.3ms)[0m  [1m[34mSELECT COUNT(*) FROM "coins"[0m
  ↳ app/views/coins/index.html.erb:3
  [1m[36mCoin Load (0.4ms)[0m  [1m[34mSELECT "coins".* FROM "coins"[0m
  ↳ app/views/coins/index.html.erb:15
  Rendered coins/index.html.erb within layouts/application (17.6ms)
Completed 200 OK in 120ms (Views: 115.6ms | ActiveRecord: 0.8ms)


Started GET "/coins/new" for 127.0.0.1 at 2020-09-15 17:21:19 -0300
Processing by CoinsController#new as HTML
  [1m[35m (0.3ms)[0m  [1m[34mSELECT "mining_types"."description", "mining_types"."id" FROM "mining_types"[0m
  ↳ app/controllers/coins_controller.rb:69
  Rendering coins/new.html.erb within layouts/application
  Rendered coins/_form.html.erb (7.5ms)
  Rendered coins/new.html.erb within layouts/application (12.0ms)
Completed 200 OK in 99ms (Views: 94.5ms | ActiveRecord: 0.3ms)


Started GET "/coins" for 127.0.0.1 at 2020-09-15 17:21:29 -0300
Processing by CoinsController#index as HTML
  Rendering coins/index.html.erb within layouts/application
  [1m[35m (0.4ms)[0m  [1m[34mSELECT COUNT(*) FROM "coins"[0m
  ↳ app/views/coins/index.html.erb:3
  [1m[36mCoin Load (0.4ms)[0m  [1m[34mSELECT "coins".* FROM "coins"[0m
  ↳ app/views/coins/index.html.erb:15
  Rendered coins/index.html.erb within layouts/application (17.0ms)
Completed 200 OK in 99ms (Views: 95.9ms | ActiveRecord: 0.8ms)


Started GET "/coins/1" for 127.0.0.1 at 2020-09-15 17:21:32 -0300
Processing by CoinsController#show as HTML
  Parameters: {"id"=>"1"}
  [1m[36mCoin Load (0.3ms)[0m  [1m[34mSELECT  "coins".* FROM "coins" WHERE "coins"."id" = ? LIMIT ?[0m  [["id", 1], ["LIMIT", 1]]
  ↳ app/controllers/coins_controller.rb:74
  Rendering coins/show.html.erb within layouts/application
  [1m[36mMiningType Load (0.4ms)[0m  [1m[34mSELECT  "mining_types".* FROM "mining_types" WHERE "mining_types"."id" = ? LIMIT ?[0m  [["id", 1], ["LIMIT", 1]]
  ↳ app/views/coins/show.html.erb:22
  Rendered coins/show.html.erb within layouts/application (8.4ms)
Completed 200 OK in 92ms (Views: 86.8ms | ActiveRecord: 0.8ms)


Started GET "/coins" for 127.0.0.1 at 2020-09-15 17:21:38 -0300
Processing by CoinsController#index as HTML
  Rendering coins/index.html.erb within layouts/application
  [1m[35m (0.2ms)[0m  [1m[34mSELECT COUNT(*) FROM "coins"[0m
  ↳ app/views/coins/index.html.erb:3
  [1m[36mCoin Load (0.4ms)[0m  [1m[34mSELECT "coins".* FROM "coins"[0m
  ↳ app/views/coins/index.html.erb:15
  Rendered coins/index.html.erb within layouts/application (17.7ms)
Completed 200 OK in 103ms (Views: 100.3ms | ActiveRecord: 0.7ms)


Started GET "/coins/new" for 127.0.0.1 at 2020-09-15 17:21:39 -0300
Processing by CoinsController#new as HTML
  [1m[35m (1.5ms)[0m  [1m[34mSELECT "mining_types"."description", "mining_types"."id" FROM "mining_types"[0m
  ↳ app/controllers/coins_controller.rb:69
  Rendering coins/new.html.erb within layouts/application
  Rendered coins/_form.html.erb (24.8ms)
  Rendered coins/new.html.erb within layouts/application (28.9ms)
Completed 200 OK in 141ms (Views: 129.7ms | ActiveRecord: 1.5ms)


Started GET "/coins" for 127.0.0.1 at 2020-09-15 17:21:43 -0300
Processing by CoinsController#index as HTML
  Rendering coins/index.html.erb within layouts/application
  [1m[35m (0.3ms)[0m  [1m[34mSELECT COUNT(*) FROM "coins"[0m
  ↳ app/views/coins/index.html.erb:3
  [1m[36mCoin Load (1.0ms)[0m  [1m[34mSELECT "coins".* FROM "coins"[0m
  ↳ app/views/coins/index.html.erb:15
  Rendered coins/index.html.erb within layouts/application (21.4ms)
Completed 200 OK in 102ms (Views: 98.6ms | ActiveRecord: 1.4ms)


Started GET "/coins/1/edit" for 127.0.0.1 at 2020-09-15 17:22:48 -0300
Processing by CoinsController#edit as HTML
  Parameters: {"id"=>"1"}
  [1m[36mCoin Load (0.7ms)[0m  [1m[34mSELECT  "coins".* FROM "coins" WHERE "coins"."id" = ? LIMIT ?[0m  [["id", 1], ["LIMIT", 1]]
  ↳ app/controllers/coins_controller.rb:74
  [1m[35m (0.4ms)[0m  [1m[34mSELECT "mining_types"."description", "mining_types"."id" FROM "mining_types"[0m
  ↳ app/controllers/coins_controller.rb:69
  Rendering coins/edit.html.erb within layouts/application
  Rendered coins/_form.html.erb (9.9ms)
  Rendered coins/edit.html.erb within layouts/application (26.0ms)
Completed 200 OK in 122ms (Views: 93.1ms | ActiveRecord: 1.1ms)


Started GET "/coins" for 127.0.0.1 at 2020-09-15 17:22:51 -0300
Processing by CoinsController#index as HTML
  Rendering coins/index.html.erb within layouts/application
  [1m[35m (0.4ms)[0m  [1m[34mSELECT COUNT(*) FROM "coins"[0m
  ↳ app/views/coins/index.html.erb:3
  [1m[36mCoin Load (0.5ms)[0m  [1m[34mSELECT "coins".* FROM "coins"[0m
  ↳ app/views/coins/index.html.erb:15
  Rendered coins/index.html.erb within layouts/application (18.3ms)
Completed 200 OK in 112ms (Views: 108.4ms | ActiveRecord: 0.9ms)


Started GET "/coins/1" for 127.0.0.1 at 2020-09-15 17:24:11 -0300
Processing by CoinsController#show as HTML
  Parameters: {"id"=>"1"}
  [1m[36mCoin Load (0.3ms)[0m  [1m[34mSELECT  "coins".* FROM "coins" WHERE "coins"."id" = ? LIMIT ?[0m  [["id", 1], ["LIMIT", 1]]
  ↳ app/controllers/coins_controller.rb:74
  Rendering coins/show.html.erb within layouts/application
  [1m[36mMiningType Load (0.3ms)[0m  [1m[34mSELECT  "mining_types".* FROM "mining_types" WHERE "mining_types"."id" = ? LIMIT ?[0m  [["id", 1], ["LIMIT", 1]]
  ↳ app/views/coins/show.html.erb:22
  Rendered coins/show.html.erb within layouts/application (18.3ms)
Completed 200 OK in 105ms (Views: 96.4ms | ActiveRecord: 0.6ms)


Started GET "/coins/1" for 127.0.0.1 at 2020-09-15 17:24:30 -0300
Processing by CoinsController#show as HTML
  Parameters: {"id"=>"1"}
  [1m[36mCoin Load (0.3ms)[0m  [1m[34mSELECT  "coins".* FROM "coins" WHERE "coins"."id" = ? LIMIT ?[0m  [["id", 1], ["LIMIT", 1]]
  ↳ app/controllers/coins_controller.rb:74
  Rendering coins/show.html.erb within layouts/application
  Rendered coins/show.html.erb within layouts/application (2.0ms)
Completed 500 Internal Server Error in 10ms (ActiveRecord: 0.3ms)


  
SyntaxError (/home/danilovolpiano/Projetos/crypo_wallet/app/views/coins/show.html.erb:27: syntax error, unexpected $undefined, expecting ')'
in), class:"btn btn-primary" \n );@output_buffer.safe_append
                              ^):
  
app/views/coins/show.html.erb:27: syntax error, unexpected $undefined, expecting ')'
Started GET "/coins/1" for 127.0.0.1 at 2020-09-15 17:24:45 -0300
Processing by CoinsController#show as HTML
  Parameters: {"id"=>"1"}
  [1m[36mCoin Load (0.3ms)[0m  [1m[34mSELECT  "coins".* FROM "coins" WHERE "coins"."id" = ? LIMIT ?[0m  [["id", 1], ["LIMIT", 1]]
  ↳ app/controllers/coins_controller.rb:74
  Rendering coins/show.html.erb within layouts/application
  [1m[36mMiningType Load (0.3ms)[0m  [1m[34mSELECT  "mining_types".* FROM "mining_types" WHERE "mining_types"."id" = ? LIMIT ?[0m  [["id", 1], ["LIMIT", 1]]
  ↳ app/views/coins/show.html.erb:22
  Rendered coins/show.html.erb within layouts/application (9.9ms)
Completed 200 OK in 94ms (Views: 83.1ms | ActiveRecord: 0.7ms)


Started GET "/coins" for 127.0.0.1 at 2020-09-15 17:24:54 -0300
Processing by CoinsController#index as HTML
  Rendering coins/index.html.erb within layouts/application
  [1m[35m (0.3ms)[0m  [1m[34mSELECT COUNT(*) FROM "coins"[0m
  ↳ app/views/coins/index.html.erb:3
  [1m[36mCoin Load (0.4ms)[0m  [1m[34mSELECT "coins".* FROM "coins"[0m
  ↳ app/views/coins/index.html.erb:15
  Rendered coins/index.html.erb within layouts/application (11.0ms)
Completed 200 OK in 115ms (Views: 111.7ms | ActiveRecord: 0.8ms)


Started GET "/coins/1" for 127.0.0.1 at 2020-09-15 17:24:57 -0300
Processing by CoinsController#show as HTML
  Parameters: {"id"=>"1"}
  [1m[36mCoin Load (0.3ms)[0m  [1m[34mSELECT  "coins".* FROM "coins" WHERE "coins"."id" = ? LIMIT ?[0m  [["id", 1], ["LIMIT", 1]]
  ↳ app/controllers/coins_controller.rb:74
  Rendering coins/show.html.erb within layouts/application
  [1m[36mMiningType Load (0.4ms)[0m  [1m[34mSELECT  "mining_types".* FROM "mining_types" WHERE "mining_types"."id" = ? LIMIT ?[0m  [["id", 1], ["LIMIT", 1]]
  ↳ app/views/coins/show.html.erb:22
  Rendered coins/show.html.erb within layouts/application (12.3ms)
Completed 200 OK in 114ms (Views: 97.5ms | ActiveRecord: 0.7ms)


Started GET "/coins" for 127.0.0.1 at 2020-09-15 17:24:59 -0300
Processing by CoinsController#index as HTML
  Rendering coins/index.html.erb within layouts/application
  [1m[35m (0.6ms)[0m  [1m[34mSELECT COUNT(*) FROM "coins"[0m
  ↳ app/views/coins/index.html.erb:3
  [1m[36mCoin Load (0.7ms)[0m  [1m[34mSELECT "coins".* FROM "coins"[0m
  ↳ app/views/coins/index.html.erb:15
  Rendered coins/index.html.erb within layouts/application (40.1ms)
Completed 200 OK in 136ms (Views: 131.4ms | ActiveRecord: 1.3ms)


Started GET "/coins/1/edit" for 127.0.0.1 at 2020-09-15 17:25:00 -0300
Processing by CoinsController#edit as HTML
  Parameters: {"id"=>"1"}
  [1m[36mCoin Load (0.3ms)[0m  [1m[34mSELECT  "coins".* FROM "coins" WHERE "coins"."id" = ? LIMIT ?[0m  [["id", 1], ["LIMIT", 1]]
  ↳ app/controllers/coins_controller.rb:74
  [1m[35m (0.4ms)[0m  [1m[34mSELECT "mining_types"."description", "mining_types"."id" FROM "mining_types"[0m
  ↳ app/controllers/coins_controller.rb:69
  Rendering coins/edit.html.erb within layouts/application
  Rendered coins/_form.html.erb (7.4ms)
  Rendered coins/edit.html.erb within layouts/application (12.2ms)
Completed 200 OK in 89ms (Views: 83.3ms | ActiveRecord: 0.6ms)


Started GET "/coins/1/edit" for 127.0.0.1 at 2020-09-15 17:25:29 -0300
Processing by CoinsController#edit as HTML
  Parameters: {"id"=>"1"}
  [1m[36mCoin Load (0.3ms)[0m  [1m[34mSELECT  "coins".* FROM "coins" WHERE "coins"."id" = ? LIMIT ?[0m  [["id", 1], ["LIMIT", 1]]
  ↳ app/controllers/coins_controller.rb:74
  [1m[35m (0.3ms)[0m  [1m[34mSELECT "mining_types"."description", "mining_types"."id" FROM "mining_types"[0m
  ↳ app/controllers/coins_controller.rb:69
  Rendering coins/edit.html.erb within layouts/application
  Rendered coins/_form.html.erb (7.2ms)
  Rendered coins/edit.html.erb within layouts/application (11.4ms)
Completed 200 OK in 77ms (Views: 68.9ms | ActiveRecord: 0.6ms)


Started GET "/coins" for 127.0.0.1 at 2020-09-15 17:25:35 -0300
Processing by CoinsController#index as HTML
  Rendering coins/index.html.erb within layouts/application
  [1m[35m (0.5ms)[0m  [1m[34mSELECT COUNT(*) FROM "coins"[0m
  ↳ app/views/coins/index.html.erb:3
  [1m[36mCoin Load (0.4ms)[0m  [1m[34mSELECT "coins".* FROM "coins"[0m
  ↳ app/views/coins/index.html.erb:15
  Rendered coins/index.html.erb within layouts/application (16.3ms)
Completed 200 OK in 98ms (Views: 93.8ms | ActiveRecord: 0.9ms)


Started GET "/coins/1/edit" for 127.0.0.1 at 2020-09-15 17:25:38 -0300
Processing by CoinsController#edit as HTML
  Parameters: {"id"=>"1"}
  [1m[36mCoin Load (0.3ms)[0m  [1m[34mSELECT  "coins".* FROM "coins" WHERE "coins"."id" = ? LIMIT ?[0m  [["id", 1], ["LIMIT", 1]]
  ↳ app/controllers/coins_controller.rb:74
  [1m[35m (0.7ms)[0m  [1m[34mSELECT "mining_types"."description", "mining_types"."id" FROM "mining_types"[0m
  ↳ app/controllers/coins_controller.rb:69
  Rendering coins/edit.html.erb within layouts/application
  Rendered coins/_form.html.erb (30.7ms)
  Rendered coins/edit.html.erb within layouts/application (39.3ms)
Completed 200 OK in 133ms (Views: 114.3ms | ActiveRecord: 1.0ms)


Started GET "/coins/1" for 127.0.0.1 at 2020-09-15 17:25:40 -0300
Processing by CoinsController#show as HTML
  Parameters: {"id"=>"1"}
  [1m[36mCoin Load (0.3ms)[0m  [1m[34mSELECT  "coins".* FROM "coins" WHERE "coins"."id" = ? LIMIT ?[0m  [["id", 1], ["LIMIT", 1]]
  ↳ app/controllers/coins_controller.rb:74
  Rendering coins/show.html.erb within layouts/application
  [1m[36mMiningType Load (0.3ms)[0m  [1m[34mSELECT  "mining_types".* FROM "mining_types" WHERE "mining_types"."id" = ? LIMIT ?[0m  [["id", 1], ["LIMIT", 1]]
  ↳ app/views/coins/show.html.erb:22
  Rendered coins/show.html.erb within layouts/application (5.5ms)
Completed 200 OK in 84ms (Views: 80.2ms | ActiveRecord: 0.5ms)


Started GET "/coins" for 127.0.0.1 at 2020-09-15 17:25:44 -0300
Processing by CoinsController#index as HTML
  Rendering coins/index.html.erb within layouts/application
  [1m[35m (0.4ms)[0m  [1m[34mSELECT COUNT(*) FROM "coins"[0m
  ↳ app/views/coins/index.html.erb:3
  [1m[36mCoin Load (3.8ms)[0m  [1m[34mSELECT "coins".* FROM "coins"[0m
  ↳ app/views/coins/index.html.erb:15
  Rendered coins/index.html.erb within layouts/application (43.7ms)
Completed 200 OK in 127ms (Views: 119.6ms | ActiveRecord: 4.2ms)


Started GET "/coins/new" for 127.0.0.1 at 2020-09-15 17:25:45 -0300
Processing by CoinsController#new as HTML
  [1m[35m (0.3ms)[0m  [1m[34mSELECT "mining_types"."description", "mining_types"."id" FROM "mining_types"[0m
  ↳ app/controllers/coins_controller.rb:69
  Rendering coins/new.html.erb within layouts/application
  Rendered coins/_form.html.erb (9.1ms)
  Rendered coins/new.html.erb within layouts/application (13.4ms)
Completed 200 OK in 108ms (Views: 104.4ms | ActiveRecord: 0.3ms)


Started GET "/coins" for 127.0.0.1 at 2020-09-15 17:25:48 -0300
Processing by CoinsController#index as HTML
  Rendering coins/index.html.erb within layouts/application
  [1m[35m (0.5ms)[0m  [1m[34mSELECT COUNT(*) FROM "coins"[0m
  ↳ app/views/coins/index.html.erb:3
  [1m[36mCoin Load (2.3ms)[0m  [1m[34mSELECT "coins".* FROM "coins"[0m
  ↳ app/views/coins/index.html.erb:15
  Rendered coins/index.html.erb within layouts/application (26.0ms)
Completed 200 OK in 98ms (Views: 92.1ms | ActiveRecord: 2.8ms)


Started GET "/coins/1/edit" for 127.0.0.1 at 2020-09-15 17:25:50 -0300
Processing by CoinsController#edit as HTML
  Parameters: {"id"=>"1"}
  [1m[36mCoin Load (0.3ms)[0m  [1m[34mSELECT  "coins".* FROM "coins" WHERE "coins"."id" = ? LIMIT ?[0m  [["id", 1], ["LIMIT", 1]]
  ↳ app/controllers/coins_controller.rb:74
  [1m[35m (0.4ms)[0m  [1m[34mSELECT "mining_types"."description", "mining_types"."id" FROM "mining_types"[0m
  ↳ app/controllers/coins_controller.rb:69
  Rendering coins/edit.html.erb within layouts/application
  Rendered coins/_form.html.erb (8.7ms)
  Rendered coins/edit.html.erb within layouts/application (12.6ms)
Completed 200 OK in 101ms (Views: 89.8ms | ActiveRecord: 0.7ms)


Started GET "/coins" for 127.0.0.1 at 2020-09-15 17:25:54 -0300
Processing by CoinsController#index as HTML
  Rendering coins/index.html.erb within layouts/application
  [1m[35m (0.3ms)[0m  [1m[34mSELECT COUNT(*) FROM "coins"[0m
  ↳ app/views/coins/index.html.erb:3
  [1m[36mCoin Load (0.4ms)[0m  [1m[34mSELECT "coins".* FROM "coins"[0m
  ↳ app/views/coins/index.html.erb:15
  Rendered coins/index.html.erb within layouts/application (22.6ms)
Completed 200 OK in 93ms (Views: 89.0ms | ActiveRecord: 0.7ms)


Started GET "/" for 127.0.0.1 at 2020-09-15 17:25:57 -0300
Processing by WelcomeController#index as HTML
  Rendering welcome/index.html.erb within layouts/application
  Rendered welcome/_menu.html.erb (1.7ms)
  Rendered welcome/index.html.erb within layouts/application (4.4ms)
Completed 200 OK in 79ms (Views: 75.7ms | ActiveRecord: 0.0ms)


Started GET "/" for 127.0.0.1 at 2020-09-15 17:25:57 -0300
Processing by WelcomeController#index as HTML
  Rendering welcome/index.html.erb within layouts/application
  Rendered welcome/_menu.html.erb (1.8ms)
  Rendered welcome/index.html.erb within layouts/application (4.3ms)
Completed 200 OK in 71ms (Views: 68.2ms | ActiveRecord: 0.0ms)


Started GET "/coins" for 127.0.0.1 at 2020-09-15 17:25:58 -0300
Processing by CoinsController#index as HTML
  Rendering coins/index.html.erb within layouts/application
  [1m[35m (0.4ms)[0m  [1m[34mSELECT COUNT(*) FROM "coins"[0m
  ↳ app/views/coins/index.html.erb:3
  [1m[36mCoin Load (0.5ms)[0m  [1m[34mSELECT "coins".* FROM "coins"[0m
  ↳ app/views/coins/index.html.erb:15
  Rendered coins/index.html.erb within layouts/application (13.2ms)
Completed 200 OK in 97ms (Views: 92.7ms | ActiveRecord: 0.9ms)


Started GET "/coins" for 127.0.0.1 at 2020-09-15 17:25:59 -0300
Processing by CoinsController#index as HTML
  Rendering coins/index.html.erb within layouts/application
  [1m[35m (0.4ms)[0m  [1m[34mSELECT COUNT(*) FROM "coins"[0m
  ↳ app/views/coins/index.html.erb:3
  [1m[36mCoin Load (0.4ms)[0m  [1m[34mSELECT "coins".* FROM "coins"[0m
  ↳ app/views/coins/index.html.erb:15
  Rendered coins/index.html.erb within layouts/application (12.1ms)
Completed 200 OK in 75ms (Views: 72.0ms | ActiveRecord: 0.8ms)


Started GET "/coins/new" for 127.0.0.1 at 2020-09-15 17:26:00 -0300
Processing by CoinsController#new as HTML
  [1m[35m (0.4ms)[0m  [1m[34mSELECT "mining_types"."description", "mining_types"."id" FROM "mining_types"[0m
  ↳ app/controllers/coins_controller.rb:69
  Rendering coins/new.html.erb within layouts/application
  Rendered coins/_form.html.erb (10.9ms)
  Rendered coins/new.html.erb within layouts/application (17.7ms)
Completed 200 OK in 105ms (Views: 100.3ms | ActiveRecord: 0.4ms)


Started GET "/" for 127.0.0.1 at 2020-09-15 17:26:02 -0300
Processing by WelcomeController#index as HTML
  Rendering welcome/index.html.erb within layouts/application
  Rendered welcome/_menu.html.erb (1.9ms)
  Rendered welcome/index.html.erb within layouts/application (6.7ms)
Completed 200 OK in 83ms (Views: 79.9ms | ActiveRecord: 0.0ms)


Started GET "/" for 127.0.0.1 at 2020-09-15 17:26:02 -0300
Processing by WelcomeController#index as HTML
  Rendering welcome/index.html.erb within layouts/application
  Rendered welcome/_menu.html.erb (1.5ms)
  Rendered welcome/index.html.erb within layouts/application (4.0ms)
Completed 200 OK in 66ms (Views: 64.2ms | ActiveRecord: 0.0ms)


Started GET "/mining_types" for 127.0.0.1 at 2020-09-15 17:26:03 -0300
Processing by MiningTypesController#index as HTML
  Rendering mining_types/index.html.erb within layouts/application
  [1m[35m (0.3ms)[0m  [1m[34mSELECT COUNT(*) FROM "mining_types"[0m
  ↳ app/views/mining_types/index.html.erb:3
  [1m[36mMiningType Load (0.4ms)[0m  [1m[34mSELECT "mining_types".* FROM "mining_types"[0m
  ↳ app/views/mining_types/index.html.erb:15
  Rendered mining_types/index.html.erb within layouts/application (9.1ms)
Completed 200 OK in 102ms (Views: 95.7ms | ActiveRecord: 0.7ms)


Started GET "/mining_types" for 127.0.0.1 at 2020-09-15 17:26:04 -0300
Processing by MiningTypesController#index as HTML
  Rendering mining_types/index.html.erb within layouts/application
  [1m[35m (0.4ms)[0m  [1m[34mSELECT COUNT(*) FROM "mining_types"[0m
  ↳ app/views/mining_types/index.html.erb:3
  [1m[36mMiningType Load (0.4ms)[0m  [1m[34mSELECT "mining_types".* FROM "mining_types"[0m
  ↳ app/views/mining_types/index.html.erb:15
  Rendered mining_types/index.html.erb within layouts/application (18.4ms)
Completed 200 OK in 104ms (Views: 100.3ms | ActiveRecord: 0.7ms)


Started GET "/mining_types/new" for 127.0.0.1 at 2020-09-15 17:26:07 -0300
Processing by MiningTypesController#new as HTML
  Rendering mining_types/new.html.erb within layouts/application
  Rendered mining_types/_form.html.erb (4.0ms)
  Rendered mining_types/new.html.erb within layouts/application (7.3ms)
Completed 200 OK in 89ms (Views: 85.4ms | ActiveRecord: 0.0ms)


Started GET "/mining_types" for 127.0.0.1 at 2020-09-15 17:26:09 -0300
Processing by MiningTypesController#index as HTML
  Rendering mining_types/index.html.erb within layouts/application
  [1m[35m (0.4ms)[0m  [1m[34mSELECT COUNT(*) FROM "mining_types"[0m
  ↳ app/views/mining_types/index.html.erb:3
  [1m[36mMiningType Load (1.7ms)[0m  [1m[34mSELECT "mining_types".* FROM "mining_types"[0m
  ↳ app/views/mining_types/index.html.erb:15
  Rendered mining_types/index.html.erb within layouts/application (14.4ms)
Completed 200 OK in 112ms (Views: 107.5ms | ActiveRecord: 2.1ms)


Started GET "/mining_types/1" for 127.0.0.1 at 2020-09-15 17:26:10 -0300
Processing by MiningTypesController#show as HTML
  Parameters: {"id"=>"1"}
  [1m[36mMiningType Load (0.5ms)[0m  [1m[34mSELECT  "mining_types".* FROM "mining_types" WHERE "mining_types"."id" = ? LIMIT ?[0m  [["id", 1], ["LIMIT", 1]]
  ↳ app/controllers/mining_types_controller.rb:67
  Rendering mining_types/show.html.erb within layouts/application
  Rendered mining_types/show.html.erb within layouts/application (3.9ms)
Completed 200 OK in 94ms (Views: 87.9ms | ActiveRecord: 0.5ms)


Started GET "/mining_types/1" for 127.0.0.1 at 2020-09-15 17:27:04 -0300
Processing by MiningTypesController#show as HTML
  Parameters: {"id"=>"1"}
  [1m[36mMiningType Load (0.3ms)[0m  [1m[34mSELECT  "mining_types".* FROM "mining_types" WHERE "mining_types"."id" = ? LIMIT ?[0m  [["id", 1], ["LIMIT", 1]]
  ↳ app/controllers/mining_types_controller.rb:67
  Rendering mining_types/show.html.erb within layouts/application
  Rendered mining_types/show.html.erb within layouts/application (2.1ms)
Completed 200 OK in 72ms (Views: 67.5ms | ActiveRecord: 0.3ms)


Started GET "/mining_types" for 127.0.0.1 at 2020-09-15 17:27:07 -0300
Processing by MiningTypesController#index as HTML
  Rendering mining_types/index.html.erb within layouts/application
  [1m[35m (0.8ms)[0m  [1m[34mSELECT COUNT(*) FROM "mining_types"[0m
  ↳ app/views/mining_types/index.html.erb:3
  [1m[36mMiningType Load (0.7ms)[0m  [1m[34mSELECT "mining_types".* FROM "mining_types"[0m
  ↳ app/views/mining_types/index.html.erb:15
  Rendered mining_types/index.html.erb within layouts/application (15.6ms)
Completed 200 OK in 100ms (Views: 93.5ms | ActiveRecord: 1.4ms)


Started GET "/mining_types/new" for 127.0.0.1 at 2020-09-15 17:27:12 -0300
Processing by MiningTypesController#new as HTML
  Rendering mining_types/new.html.erb within layouts/application
  Rendered mining_types/_form.html.erb (4.5ms)
  Rendered mining_types/new.html.erb within layouts/application (8.7ms)
Completed 200 OK in 96ms (Views: 93.2ms | ActiveRecord: 0.0ms)


Started GET "/mining_types" for 127.0.0.1 at 2020-09-15 17:27:14 -0300
Processing by MiningTypesController#index as HTML
  Rendering mining_types/index.html.erb within layouts/application
  [1m[35m (0.3ms)[0m  [1m[34mSELECT COUNT(*) FROM "mining_types"[0m
  ↳ app/views/mining_types/index.html.erb:3
  [1m[36mMiningType Load (0.4ms)[0m  [1m[34mSELECT "mining_types".* FROM "mining_types"[0m
  ↳ app/views/mining_types/index.html.erb:15
  Rendered mining_types/index.html.erb within layouts/application (11.9ms)
Completed 200 OK in 103ms (Views: 98.8ms | ActiveRecord: 0.7ms)


Started GET "/mining_types/1" for 127.0.0.1 at 2020-09-15 17:27:18 -0300
Processing by MiningTypesController#show as HTML
  Parameters: {"id"=>"1"}
  [1m[36mMiningType Load (0.3ms)[0m  [1m[34mSELECT  "mining_types".* FROM "mining_types" WHERE "mining_types"."id" = ? LIMIT ?[0m  [["id", 1], ["LIMIT", 1]]
  ↳ app/controllers/mining_types_controller.rb:67
  Rendering mining_types/show.html.erb within layouts/application
  Rendered mining_types/show.html.erb within layouts/application (4.2ms)
Completed 200 OK in 93ms (Views: 86.5ms | ActiveRecord: 0.3ms)


Started GET "/mining_types/1/edit" for 127.0.0.1 at 2020-09-15 17:27:21 -0300
Processing by MiningTypesController#edit as HTML
  Parameters: {"id"=>"1"}
  [1m[36mMiningType Load (0.3ms)[0m  [1m[34mSELECT  "mining_types".* FROM "mining_types" WHERE "mining_types"."id" = ? LIMIT ?[0m  [["id", 1], ["LIMIT", 1]]
  ↳ app/controllers/mining_types_controller.rb:67
  Rendering mining_types/edit.html.erb within layouts/application
  Rendered mining_types/_form.html.erb (5.4ms)
  Rendered mining_types/edit.html.erb within layouts/application (11.0ms)
Completed 200 OK in 98ms (Views: 92.6ms | ActiveRecord: 0.3ms)


Started GET "/mining_types" for 127.0.0.1 at 2020-09-15 17:27:27 -0300
Processing by MiningTypesController#index as HTML
  Rendering mining_types/index.html.erb within layouts/application
  [1m[35m (0.4ms)[0m  [1m[34mSELECT COUNT(*) FROM "mining_types"[0m
  ↳ app/views/mining_types/index.html.erb:3
  [1m[36mMiningType Load (0.6ms)[0m  [1m[34mSELECT "mining_types".* FROM "mining_types"[0m
  ↳ app/views/mining_types/index.html.erb:15
  Rendered mining_types/index.html.erb within layouts/application (15.2ms)
Completed 200 OK in 120ms (Views: 115.9ms | ActiveRecord: 1.0ms)


Started GET "/mining_types/1/edit" for 127.0.0.1 at 2020-09-15 17:27:30 -0300
Processing by MiningTypesController#edit as HTML
  Parameters: {"id"=>"1"}
  [1m[36mMiningType Load (0.3ms)[0m  [1m[34mSELECT  "mining_types".* FROM "mining_types" WHERE "mining_types"."id" = ? LIMIT ?[0m  [["id", 1], ["LIMIT", 1]]
  ↳ app/controllers/mining_types_controller.rb:67
  Rendering mining_types/edit.html.erb within layouts/application
  Rendered mining_types/_form.html.erb (6.6ms)
  Rendered mining_types/edit.html.erb within layouts/application (9.9ms)
Completed 200 OK in 103ms (Views: 99.8ms | ActiveRecord: 0.3ms)


Started GET "/mining_types" for 127.0.0.1 at 2020-09-15 17:27:31 -0300
Processing by MiningTypesController#index as HTML
  Rendering mining_types/index.html.erb within layouts/application
  [1m[35m (1.3ms)[0m  [1m[34mSELECT COUNT(*) FROM "mining_types"[0m
  ↳ app/views/mining_types/index.html.erb:3
  [1m[36mMiningType Load (0.4ms)[0m  [1m[34mSELECT "mining_types".* FROM "mining_types"[0m
  ↳ app/views/mining_types/index.html.erb:15
  Rendered mining_types/index.html.erb within layouts/application (16.1ms)
Completed 200 OK in 112ms (Views: 107.5ms | ActiveRecord: 1.7ms)


Started GET "/?locale=pt-BR" for 127.0.0.1 at 2020-09-15 17:27:37 -0300
Processing by WelcomeController#index as HTML
  Parameters: {"locale"=>"pt-BR"}
  Rendering welcome/index.html.erb within layouts/application
  Rendered welcome/_menu.html.erb (1.9ms)
  Rendered welcome/index.html.erb within layouts/application (4.4ms)
Completed 200 OK in 79ms (Views: 76.0ms | ActiveRecord: 0.0ms)


Started GET "/?locale=pt-BR" for 127.0.0.1 at 2020-09-15 17:27:38 -0300
Processing by WelcomeController#index as HTML
  Parameters: {"locale"=>"pt-BR"}
  Rendering welcome/index.html.erb within layouts/application
  Rendered welcome/_menu.html.erb (2.0ms)
  Rendered welcome/index.html.erb within layouts/application (5.1ms)
Completed 200 OK in 71ms (Views: 66.9ms | ActiveRecord: 0.0ms)


Started GET "/?locale=en" for 127.0.0.1 at 2020-09-15 17:27:39 -0300
Processing by WelcomeController#index as HTML
  Parameters: {"locale"=>"en"}
  Rendering welcome/index.html.erb within layouts/application
  Rendered welcome/_menu.html.erb (1.8ms)
  Rendered welcome/index.html.erb within layouts/application (4.6ms)
Completed 200 OK in 76ms (Views: 73.8ms | ActiveRecord: 0.0ms)


Started GET "/coins" for 127.0.0.1 at 2020-09-15 17:27:41 -0300
Processing by CoinsController#index as HTML
  Rendering coins/index.html.erb within layouts/application
  [1m[35m (0.4ms)[0m  [1m[34mSELECT COUNT(*) FROM "coins"[0m
  ↳ app/views/coins/index.html.erb:3
  [1m[36mCoin Load (0.5ms)[0m  [1m[34mSELECT "coins".* FROM "coins"[0m
  ↳ app/views/coins/index.html.erb:15
  Rendered coins/index.html.erb within layouts/application (24.2ms)
Completed 200 OK in 102ms (Views: 98.5ms | ActiveRecord: 0.9ms)


Started GET "/coins" for 127.0.0.1 at 2020-09-15 17:27:42 -0300
Processing by CoinsController#index as HTML
  Rendering coins/index.html.erb within layouts/application
  [1m[35m (0.3ms)[0m  [1m[34mSELECT COUNT(*) FROM "coins"[0m
  ↳ app/views/coins/index.html.erb:3
  [1m[36mCoin Load (0.6ms)[0m  [1m[34mSELECT "coins".* FROM "coins"[0m
  ↳ app/views/coins/index.html.erb:15
  Rendered coins/index.html.erb within layouts/application (15.8ms)
Completed 200 OK in 86ms (Views: 82.5ms | ActiveRecord: 1.0ms)


Started GET "/coins/1" for 127.0.0.1 at 2020-09-15 17:27:45 -0300
Processing by CoinsController#show as HTML
  Parameters: {"id"=>"1"}
  [1m[36mCoin Load (0.4ms)[0m  [1m[34mSELECT  "coins".* FROM "coins" WHERE "coins"."id" = ? LIMIT ?[0m  [["id", 1], ["LIMIT", 1]]
  ↳ app/controllers/coins_controller.rb:74
  Rendering coins/show.html.erb within layouts/application
  [1m[36mMiningType Load (0.3ms)[0m  [1m[34mSELECT  "mining_types".* FROM "mining_types" WHERE "mining_types"."id" = ? LIMIT ?[0m  [["id", 1], ["LIMIT", 1]]
  ↳ app/views/coins/show.html.erb:22
  Rendered coins/show.html.erb within layouts/application (6.6ms)
Completed 200 OK in 89ms (Views: 84.2ms | ActiveRecord: 0.7ms)


Started GET "/coins" for 127.0.0.1 at 2020-09-15 17:27:47 -0300
Processing by CoinsController#index as HTML
  Rendering coins/index.html.erb within layouts/application
  [1m[35m (0.4ms)[0m  [1m[34mSELECT COUNT(*) FROM "coins"[0m
  ↳ app/views/coins/index.html.erb:3
  [1m[36mCoin Load (0.5ms)[0m  [1m[34mSELECT "coins".* FROM "coins"[0m
  ↳ app/views/coins/index.html.erb:15
  Rendered coins/index.html.erb within layouts/application (20.4ms)
Completed 200 OK in 93ms (Views: 89.4ms | ActiveRecord: 0.9ms)


Started GET "/coins/1/edit" for 127.0.0.1 at 2020-09-15 17:27:49 -0300
Processing by CoinsController#edit as HTML
  Parameters: {"id"=>"1"}
  [1m[36mCoin Load (0.3ms)[0m  [1m[34mSELECT  "coins".* FROM "coins" WHERE "coins"."id" = ? LIMIT ?[0m  [["id", 1], ["LIMIT", 1]]
  ↳ app/controllers/coins_controller.rb:74
  [1m[35m (0.4ms)[0m  [1m[34mSELECT "mining_types"."description", "mining_types"."id" FROM "mining_types"[0m
  ↳ app/controllers/coins_controller.rb:69
  Rendering coins/edit.html.erb within layouts/application
  Rendered coins/_form.html.erb (12.7ms)
  Rendered coins/edit.html.erb within layouts/application (24.3ms)
Completed 200 OK in 98ms (Views: 88.3ms | ActiveRecord: 0.7ms)


Started GET "/coins" for 127.0.0.1 at 2020-09-15 17:27:51 -0300
Processing by CoinsController#index as HTML
  Rendering coins/index.html.erb within layouts/application
  [1m[35m (0.3ms)[0m  [1m[34mSELECT COUNT(*) FROM "coins"[0m
  ↳ app/views/coins/index.html.erb:3
  [1m[36mCoin Load (0.4ms)[0m  [1m[34mSELECT "coins".* FROM "coins"[0m
  ↳ app/views/coins/index.html.erb:15
  Rendered coins/index.html.erb within layouts/application (24.7ms)
Completed 200 OK in 104ms (Views: 100.2ms | ActiveRecord: 0.6ms)


Started GET "/" for 127.0.0.1 at 2020-09-15 17:27:54 -0300
Processing by WelcomeController#index as HTML
  Rendering welcome/index.html.erb within layouts/application
  Rendered welcome/_menu.html.erb (1.7ms)
  Rendered welcome/index.html.erb within layouts/application (4.8ms)
Completed 200 OK in 81ms (Views: 77.8ms | ActiveRecord: 0.0ms)


Started GET "/" for 127.0.0.1 at 2020-09-15 17:27:54 -0300
Processing by WelcomeController#index as HTML
  Rendering welcome/index.html.erb within layouts/application
  Rendered welcome/_menu.html.erb (2.6ms)
  Rendered welcome/index.html.erb within layouts/application (7.1ms)
Completed 200 OK in 72ms (Views: 68.9ms | ActiveRecord: 0.0ms)


Started GET "/mining_types" for 127.0.0.1 at 2020-09-15 17:27:56 -0300
Processing by MiningTypesController#index as HTML
  Rendering mining_types/index.html.erb within layouts/application
  [1m[35m (0.3ms)[0m  [1m[34mSELECT COUNT(*) FROM "mining_types"[0m
  ↳ app/views/mining_types/index.html.erb:3
  [1m[36mMiningType Load (0.5ms)[0m  [1m[34mSELECT "mining_types".* FROM "mining_types"[0m
  ↳ app/views/mining_types/index.html.erb:15
  Rendered mining_types/index.html.erb within layouts/application (11.4ms)
Completed 200 OK in 90ms (Views: 86.3ms | ActiveRecord: 0.8ms)


Started GET "/mining_types" for 127.0.0.1 at 2020-09-15 17:27:56 -0300
Processing by MiningTypesController#index as HTML
  Rendering mining_types/index.html.erb within layouts/application
  [1m[35m (0.5ms)[0m  [1m[34mSELECT COUNT(*) FROM "mining_types"[0m
  ↳ app/views/mining_types/index.html.erb:3
  [1m[36mMiningType Load (0.4ms)[0m  [1m[34mSELECT "mining_types".* FROM "mining_types"[0m
  ↳ app/views/mining_types/index.html.erb:15
  Rendered mining_types/index.html.erb within layouts/application (9.9ms)
Completed 200 OK in 90ms (Views: 85.1ms | ActiveRecord: 0.9ms)


Started GET "/mining_types/1" for 127.0.0.1 at 2020-09-15 17:27:58 -0300
Processing by MiningTypesController#show as HTML
  Parameters: {"id"=>"1"}
  [1m[36mMiningType Load (0.3ms)[0m  [1m[34mSELECT  "mining_types".* FROM "mining_types" WHERE "mining_types"."id" = ? LIMIT ?[0m  [["id", 1], ["LIMIT", 1]]
  ↳ app/controllers/mining_types_controller.rb:67
  Rendering mining_types/show.html.erb within layouts/application
  Rendered mining_types/show.html.erb within layouts/application (7.3ms)
Completed 200 OK in 82ms (Views: 77.5ms | ActiveRecord: 0.3ms)


Started GET "/mining_types" for 127.0.0.1 at 2020-09-15 17:28:00 -0300
Processing by MiningTypesController#index as HTML
  Rendering mining_types/index.html.erb within layouts/application
  [1m[35m (0.5ms)[0m  [1m[34mSELECT COUNT(*) FROM "mining_types"[0m
  ↳ app/views/mining_types/index.html.erb:3
  [1m[36mMiningType Load (0.5ms)[0m  [1m[34mSELECT "mining_types".* FROM "mining_types"[0m
  ↳ app/views/mining_types/index.html.erb:15
  Rendered mining_types/index.html.erb within layouts/application (30.1ms)
Completed 200 OK in 135ms (Views: 130.1ms | ActiveRecord: 1.0ms)


